{"/Users/frodi/Documents/github-projects/log-with-color/src/classes/LogData.ts": {"path":"/Users/frodi/Documents/github-projects/log-with-color/src/classes/LogData.ts","statementMap":{"0":{"start":{"line":3,"column":0},"end":{"line":3,"column":33}},"1":{"start":{"line":14,"column":8},"end":{"line":14,"column":null}},"2":{"start":{"line":15,"column":8},"end":{"line":15,"column":null}},"3":{"start":{"line":16,"column":8},"end":{"line":16,"column":null}},"4":{"start":{"line":17,"column":8},"end":{"line":17,"column":null}},"5":{"start":{"line":19,"column":8},"end":{"line":21,"column":null}},"6":{"start":{"line":20,"column":12},"end":{"line":20,"column":null}},"7":{"start":{"line":23,"column":8},"end":{"line":23,"column":null}},"8":{"start":{"line":24,"column":8},"end":{"line":24,"column":null}},"9":{"start":{"line":25,"column":8},"end":{"line":25,"column":null}},"10":{"start":{"line":29,"column":8},"end":{"line":29,"column":null}},"11":{"start":{"line":33,"column":8},"end":{"line":33,"column":null}},"12":{"start":{"line":37,"column":8},"end":{"line":37,"column":null}},"13":{"start":{"line":41,"column":8},"end":{"line":41,"column":null}},"14":{"start":{"line":45,"column":8},"end":{"line":45,"column":null}},"15":{"start":{"line":49,"column":8},"end":{"line":49,"column":null}},"16":{"start":{"line":53,"column":8},"end":{"line":53,"column":null}},"17":{"start":{"line":57,"column":8},"end":{"line":59,"column":null}},"18":{"start":{"line":58,"column":12},"end":{"line":58,"column":null}},"19":{"start":{"line":63,"column":8},"end":{"line":71,"column":null}},"20":{"start":{"line":64,"column":12},"end":{"line":68,"column":null}},"21":{"start":{"line":65,"column":16},"end":{"line":65,"column":null}},"22":{"start":{"line":66,"column":19},"end":{"line":68,"column":null}},"23":{"start":{"line":67,"column":16},"end":{"line":67,"column":null}},"24":{"start":{"line":70,"column":12},"end":{"line":70,"column":null}},"25":{"start":{"line":75,"column":8},"end":{"line":77,"column":null}},"26":{"start":{"line":76,"column":12},"end":{"line":76,"column":null}},"27":{"start":{"line":79,"column":8},"end":{"line":79,"column":null}},"28":{"start":{"line":83,"column":8},"end":{"line":90,"column":null}},"29":{"start":{"line":94,"column":8},"end":{"line":94,"column":null}},"30":{"start":{"line":5,"column":0},"end":{"line":5,"column":13}}},"fnMap":{"0":{"name":"(anonymous_0)","decl":{"start":{"line":13,"column":4},"end":{"line":13,"column":16}},"loc":{"start":{"line":13,"column":144},"end":{"line":26,"column":5}}},"1":{"name":"(anonymous_1)","decl":{"start":{"line":28,"column":11},"end":{"line":28,"column":23}},"loc":{"start":{"line":28,"column":23},"end":{"line":30,"column":5}}},"2":{"name":"(anonymous_2)","decl":{"start":{"line":32,"column":11},"end":{"line":32,"column":19}},"loc":{"start":{"line":32,"column":19},"end":{"line":34,"column":5}}},"3":{"name":"(anonymous_3)","decl":{"start":{"line":36,"column":11},"end":{"line":36,"column":21}},"loc":{"start":{"line":36,"column":21},"end":{"line":38,"column":5}}},"4":{"name":"(anonymous_4)","decl":{"start":{"line":40,"column":11},"end":{"line":40,"column":21}},"loc":{"start":{"line":40,"column":21},"end":{"line":42,"column":5}}},"5":{"name":"(anonymous_5)","decl":{"start":{"line":44,"column":11},"end":{"line":44,"column":23}},"loc":{"start":{"line":44,"column":23},"end":{"line":46,"column":5}}},"6":{"name":"(anonymous_6)","decl":{"start":{"line":48,"column":11},"end":{"line":48,"column":29}},"loc":{"start":{"line":48,"column":29},"end":{"line":50,"column":5}}},"7":{"name":"(anonymous_7)","decl":{"start":{"line":52,"column":12},"end":{"line":52,"column":41}},"loc":{"start":{"line":52,"column":41},"end":{"line":54,"column":5}}},"8":{"name":"(anonymous_8)","decl":{"start":{"line":56,"column":12},"end":{"line":56,"column":33}},"loc":{"start":{"line":56,"column":33},"end":{"line":60,"column":5}}},"9":{"name":"(anonymous_9)","decl":{"start":{"line":57,"column":33},"end":{"line":57,"column":34}},"loc":{"start":{"line":57,"column":52},"end":{"line":59,"column":9}}},"10":{"name":"(anonymous_10)","decl":{"start":{"line":62,"column":12},"end":{"line":62,"column":35}},"loc":{"start":{"line":62,"column":35},"end":{"line":72,"column":5}}},"11":{"name":"(anonymous_11)","decl":{"start":{"line":63,"column":35},"end":{"line":63,"column":36}},"loc":{"start":{"line":63,"column":58},"end":{"line":71,"column":9}}},"12":{"name":"(anonymous_12)","decl":{"start":{"line":74,"column":12},"end":{"line":74,"column":35}},"loc":{"start":{"line":74,"column":35},"end":{"line":80,"column":5}}},"13":{"name":"(anonymous_13)","decl":{"start":{"line":82,"column":11},"end":{"line":82,"column":35}},"loc":{"start":{"line":82,"column":35},"end":{"line":91,"column":5}}},"14":{"name":"(anonymous_14)","decl":{"start":{"line":93,"column":11},"end":{"line":93,"column":34}},"loc":{"start":{"line":93,"column":34},"end":{"line":95,"column":5}}}},"branchMap":{"0":{"loc":{"start":{"line":16,"column":24},"end":{"line":16,"column":37}},"type":"cond-expr","locations":[{"start":{"line":16,"column":24},"end":{"line":16,"column":31}},{"start":{"line":16,"column":35},"end":{"line":16,"column":37}}]},"1":{"loc":{"start":{"line":16,"column":24},"end":{"line":16,"column":35}},"type":"binary-expr","locations":[{"start":{"line":16,"column":24},"end":{"line":16,"column":35}},{"start":{"line":16,"column":24},"end":{"line":16,"column":35}}]},"2":{"loc":{"start":{"line":17,"column":26},"end":{"line":17,"column":41}},"type":"cond-expr","locations":[{"start":{"line":17,"column":26},"end":{"line":17,"column":35}},{"start":{"line":17,"column":39},"end":{"line":17,"column":41}}]},"3":{"loc":{"start":{"line":17,"column":26},"end":{"line":17,"column":39}},"type":"binary-expr","locations":[{"start":{"line":17,"column":26},"end":{"line":17,"column":39}},{"start":{"line":17,"column":26},"end":{"line":17,"column":39}}]},"4":{"loc":{"start":{"line":19,"column":8},"end":{"line":21,"column":null}},"type":"if","locations":[{"start":{"line":19,"column":8},"end":{"line":21,"column":null}}]},"5":{"loc":{"start":{"line":25,"column":32},"end":{"line":25,"column":59}},"type":"cond-expr","locations":[{"start":{"line":25,"column":32},"end":{"line":25,"column":47}},{"start":{"line":25,"column":51},"end":{"line":25,"column":59}}]},"6":{"loc":{"start":{"line":25,"column":32},"end":{"line":25,"column":51}},"type":"binary-expr","locations":[{"start":{"line":25,"column":32},"end":{"line":25,"column":51}},{"start":{"line":25,"column":32},"end":{"line":25,"column":51}}]},"7":{"loc":{"start":{"line":64,"column":12},"end":{"line":68,"column":null}},"type":"if","locations":[{"start":{"line":64,"column":12},"end":{"line":68,"column":null}},{"start":{"line":66,"column":19},"end":{"line":68,"column":null}}]},"8":{"loc":{"start":{"line":66,"column":19},"end":{"line":68,"column":null}},"type":"if","locations":[{"start":{"line":66,"column":19},"end":{"line":68,"column":null}}]},"9":{"loc":{"start":{"line":66,"column":23},"end":{"line":66,"column":96}},"type":"binary-expr","locations":[{"start":{"line":66,"column":23},"end":{"line":66,"column":58}},{"start":{"line":66,"column":62},"end":{"line":66,"column":96}}]},"10":{"loc":{"start":{"line":75,"column":8},"end":{"line":77,"column":null}},"type":"if","locations":[{"start":{"line":75,"column":8},"end":{"line":77,"column":null}}]}},"s":{"0":1,"1":3,"2":3,"3":3,"4":3,"5":3,"6":3,"7":3,"8":3,"9":3,"10":2,"11":1,"12":2,"13":1,"14":2,"15":2,"16":5,"17":4,"18":6,"19":4,"20":8,"21":4,"22":4,"23":4,"24":0,"25":3,"26":2,"27":1,"28":2,"29":2,"30":1},"f":{"0":3,"1":2,"2":1,"3":2,"4":1,"5":2,"6":2,"7":5,"8":4,"9":6,"10":4,"11":8,"12":3,"13":2,"14":2},"b":{"0":[1,2],"1":[3,3],"2":[1,2],"3":[3,3],"4":[3],"5":[2,1],"6":[3,3],"7":[4,4],"8":[4],"9":[4,2],"10":[2]}}
,"/Users/frodi/Documents/github-projects/log-with-color/src/classes/Logger.ts": {"path":"/Users/frodi/Documents/github-projects/log-with-color/src/classes/Logger.ts","statementMap":{"0":{"start":{"line":1,"column":0},"end":{"line":1,"column":59}},"1":{"start":{"line":2,"column":0},"end":{"line":2,"column":59}},"2":{"start":{"line":3,"column":0},"end":{"line":3,"column":39}},"3":{"start":{"line":4,"column":0},"end":{"line":4,"column":39}},"4":{"start":{"line":5,"column":0},"end":{"line":5,"column":36}},"5":{"start":{"line":6,"column":0},"end":{"line":6,"column":37}},"6":{"start":{"line":13,"column":24},"end":{"line":13,"column":74}},"7":{"start":{"line":14,"column":24},"end":{"line":14,"column":26}},"8":{"start":{"line":16,"column":8},"end":{"line":16,"column":null}},"9":{"start":{"line":16,"column":38},"end":{"line":16,"column":null}},"10":{"start":{"line":18,"column":8},"end":{"line":18,"column":null}},"11":{"start":{"line":20,"column":8},"end":{"line":22,"column":null}},"12":{"start":{"line":21,"column":12},"end":{"line":21,"column":null}},"13":{"start":{"line":24,"column":8},"end":{"line":26,"column":null}},"14":{"start":{"line":25,"column":12},"end":{"line":25,"column":null}},"15":{"start":{"line":28,"column":8},"end":{"line":30,"column":null}},"16":{"start":{"line":29,"column":12},"end":{"line":29,"column":null}},"17":{"start":{"line":32,"column":8},"end":{"line":32,"column":null}},"18":{"start":{"line":34,"column":8},"end":{"line":36,"column":null}},"19":{"start":{"line":35,"column":12},"end":{"line":35,"column":null}},"20":{"start":{"line":38,"column":8},"end":{"line":38,"column":null}},"21":{"start":{"line":42,"column":8},"end":{"line":44,"column":null}},"22":{"start":{"line":43,"column":12},"end":{"line":43,"column":null}},"23":{"start":{"line":48,"column":8},"end":{"line":56,"column":null}},"24":{"start":{"line":49,"column":12},"end":{"line":53,"column":null}},"25":{"start":{"line":50,"column":16},"end":{"line":50,"column":null}},"26":{"start":{"line":51,"column":19},"end":{"line":53,"column":null}},"27":{"start":{"line":52,"column":16},"end":{"line":52,"column":null}},"28":{"start":{"line":55,"column":12},"end":{"line":55,"column":null}},"29":{"start":{"line":59,"column":8},"end":{"line":59,"column":null}},"30":{"start":{"line":63,"column":42},"end":{"line":63,"column":81}},"31":{"start":{"line":64,"column":26},"end":{"line":64,"column":28}},"32":{"start":{"line":66,"column":8},"end":{"line":70,"column":null}},"33":{"start":{"line":66,"column":21},"end":{"line":66,"column":22}},"34":{"start":{"line":67,"column":12},"end":{"line":67,"column":null}},"35":{"start":{"line":68,"column":12},"end":{"line":68,"column":null}},"36":{"start":{"line":69,"column":12},"end":{"line":69,"column":null}},"37":{"start":{"line":72,"column":8},"end":{"line":72,"column":null}},"38":{"start":{"line":76,"column":8},"end":{"line":89,"column":null}},"39":{"start":{"line":78,"column":16},"end":{"line":78,"column":null}},"40":{"start":{"line":80,"column":16},"end":{"line":80,"column":null}},"41":{"start":{"line":82,"column":16},"end":{"line":82,"column":null}},"42":{"start":{"line":84,"column":16},"end":{"line":84,"column":null}},"43":{"start":{"line":86,"column":16},"end":{"line":86,"column":null}},"44":{"start":{"line":88,"column":16},"end":{"line":88,"column":null}},"45":{"start":{"line":93,"column":8},"end":{"line":109,"column":null}},"46":{"start":{"line":94,"column":26},"end":{"line":94,"column":47}},"47":{"start":{"line":96,"column":12},"end":{"line":96,"column":null}},"48":{"start":{"line":96,"column":34},"end":{"line":96,"column":null}},"49":{"start":{"line":98,"column":12},"end":{"line":106,"column":null}},"50":{"start":{"line":107,"column":15},"end":{"line":109,"column":null}},"51":{"start":{"line":108,"column":12},"end":{"line":108,"column":null}},"52":{"start":{"line":111,"column":8},"end":{"line":111,"column":null}},"53":{"start":{"line":11,"column":0},"end":{"line":11,"column":13}}},"fnMap":{"0":{"name":"(anonymous_0)","decl":{"start":{"line":12,"column":11},"end":{"line":12,"column":17}},"loc":{"start":{"line":12,"column":63},"end":{"line":39,"column":5}}},"1":{"name":"(anonymous_1)","decl":{"start":{"line":41,"column":12},"end":{"line":41,"column":18}},"loc":{"start":{"line":41,"column":46},"end":{"line":45,"column":5}}},"2":{"name":"(anonymous_2)","decl":{"start":{"line":42,"column":24},"end":{"line":42,"column":25}},"loc":{"start":{"line":42,"column":32},"end":{"line":44,"column":9}}},"3":{"name":"(anonymous_3)","decl":{"start":{"line":47,"column":12},"end":{"line":47,"column":18}},"loc":{"start":{"line":47,"column":52},"end":{"line":57,"column":5}}},"4":{"name":"(anonymous_4)","decl":{"start":{"line":48,"column":26},"end":{"line":48,"column":27}},"loc":{"start":{"line":48,"column":36},"end":{"line":56,"column":9}}},"5":{"name":"(anonymous_5)","decl":{"start":{"line":58,"column":11},"end":{"line":58,"column":17}},"loc":{"start":{"line":58,"column":43},"end":{"line":60,"column":5}}},"6":{"name":"(anonymous_6)","decl":{"start":{"line":62,"column":11},"end":{"line":62,"column":17}},"loc":{"start":{"line":62,"column":47},"end":{"line":73,"column":5}}},"7":{"name":"(anonymous_7)","decl":{"start":{"line":75,"column":12},"end":{"line":75,"column":18}},"loc":{"start":{"line":75,"column":40},"end":{"line":90,"column":5}}},"8":{"name":"(anonymous_8)","decl":{"start":{"line":92,"column":11},"end":{"line":92,"column":17}},"loc":{"start":{"line":92,"column":47},"end":{"line":112,"column":5}}}},"branchMap":{"0":{"loc":{"start":{"line":13,"column":27},"end":{"line":13,"column":72}},"type":"cond-expr","locations":[{"start":{"line":13,"column":55},"end":{"line":13,"column":59}},{"start":{"line":13,"column":59},"end":{"line":13,"column":72}}]},"1":{"loc":{"start":{"line":13,"column":27},"end":{"line":13,"column":59}},"type":"binary-expr","locations":[{"start":{"line":13,"column":27},"end":{"line":13,"column":59}},{"start":{"line":13,"column":55},"end":{"line":13,"column":59}}]},"2":{"loc":{"start":{"line":13,"column":27},"end":{"line":13,"column":55}},"type":"cond-expr","locations":[{"start":{"line":13,"column":39},"end":{"line":13,"column":41}},{"start":{"line":13,"column":27},"end":{"line":13,"column":55}}]},"3":{"loc":{"start":{"line":13,"column":27},"end":{"line":13,"column":41}},"type":"binary-expr","locations":[{"start":{"line":13,"column":27},"end":{"line":13,"column":41}},{"start":{"line":13,"column":27},"end":{"line":13,"column":41}}]},"4":{"loc":{"start":{"line":16,"column":8},"end":{"line":16,"column":null}},"type":"if","locations":[{"start":{"line":16,"column":8},"end":{"line":16,"column":null}}]},"5":{"loc":{"start":{"line":16,"column":13},"end":{"line":16,"column":36}},"type":"cond-expr","locations":[{"start":{"line":16,"column":25},"end":{"line":16,"column":27}},{"start":{"line":16,"column":13},"end":{"line":16,"column":36}}]},"6":{"loc":{"start":{"line":16,"column":13},"end":{"line":16,"column":27}},"type":"binary-expr","locations":[{"start":{"line":16,"column":13},"end":{"line":16,"column":27}},{"start":{"line":16,"column":13},"end":{"line":16,"column":27}}]},"7":{"loc":{"start":{"line":18,"column":24},"end":{"line":18,"column":69}},"type":"cond-expr","locations":[{"start":{"line":18,"column":52},"end":{"line":18,"column":56}},{"start":{"line":18,"column":56},"end":{"line":18,"column":69}}]},"8":{"loc":{"start":{"line":18,"column":24},"end":{"line":18,"column":56}},"type":"binary-expr","locations":[{"start":{"line":18,"column":24},"end":{"line":18,"column":56}},{"start":{"line":18,"column":52},"end":{"line":18,"column":56}}]},"9":{"loc":{"start":{"line":18,"column":24},"end":{"line":18,"column":52}},"type":"cond-expr","locations":[{"start":{"line":18,"column":36},"end":{"line":18,"column":38}},{"start":{"line":18,"column":24},"end":{"line":18,"column":52}}]},"10":{"loc":{"start":{"line":18,"column":24},"end":{"line":18,"column":38}},"type":"binary-expr","locations":[{"start":{"line":18,"column":24},"end":{"line":18,"column":38}},{"start":{"line":18,"column":24},"end":{"line":18,"column":38}}]},"11":{"loc":{"start":{"line":18,"column":72},"end":{"line":18,"column":137}},"type":"cond-expr","locations":[{"start":{"line":18,"column":110},"end":{"line":18,"column":114}},{"start":{"line":18,"column":114},"end":{"line":18,"column":137}}]},"12":{"loc":{"start":{"line":18,"column":72},"end":{"line":18,"column":114}},"type":"binary-expr","locations":[{"start":{"line":18,"column":72},"end":{"line":18,"column":114}},{"start":{"line":18,"column":110},"end":{"line":18,"column":114}}]},"13":{"loc":{"start":{"line":18,"column":72},"end":{"line":18,"column":110}},"type":"cond-expr","locations":[{"start":{"line":18,"column":84},"end":{"line":18,"column":86}},{"start":{"line":18,"column":72},"end":{"line":18,"column":110}}]},"14":{"loc":{"start":{"line":18,"column":72},"end":{"line":18,"column":86}},"type":"binary-expr","locations":[{"start":{"line":18,"column":72},"end":{"line":18,"column":86}},{"start":{"line":18,"column":72},"end":{"line":18,"column":86}}]},"15":{"loc":{"start":{"line":18,"column":140},"end":{"line":18,"column":205}},"type":"cond-expr","locations":[{"start":{"line":18,"column":178},"end":{"line":18,"column":182}},{"start":{"line":18,"column":182},"end":{"line":18,"column":205}}]},"16":{"loc":{"start":{"line":18,"column":140},"end":{"line":18,"column":182}},"type":"binary-expr","locations":[{"start":{"line":18,"column":140},"end":{"line":18,"column":182}},{"start":{"line":18,"column":178},"end":{"line":18,"column":182}}]},"17":{"loc":{"start":{"line":18,"column":140},"end":{"line":18,"column":178}},"type":"cond-expr","locations":[{"start":{"line":18,"column":152},"end":{"line":18,"column":154}},{"start":{"line":18,"column":140},"end":{"line":18,"column":178}}]},"18":{"loc":{"start":{"line":18,"column":140},"end":{"line":18,"column":154}},"type":"binary-expr","locations":[{"start":{"line":18,"column":140},"end":{"line":18,"column":154}},{"start":{"line":18,"column":140},"end":{"line":18,"column":154}}]},"19":{"loc":{"start":{"line":18,"column":208},"end":{"line":18,"column":287}},"type":"cond-expr","locations":[{"start":{"line":18,"column":231},"end":{"line":18,"column":235}},{"start":{"line":18,"column":235},"end":{"line":18,"column":287}}]},"20":{"loc":{"start":{"line":18,"column":208},"end":{"line":18,"column":235}},"type":"binary-expr","locations":[{"start":{"line":18,"column":208},"end":{"line":18,"column":235}},{"start":{"line":18,"column":231},"end":{"line":18,"column":235}}]},"21":{"loc":{"start":{"line":18,"column":208},"end":{"line":18,"column":231}},"type":"cond-expr","locations":[{"start":{"line":18,"column":220},"end":{"line":18,"column":222}},{"start":{"line":18,"column":208},"end":{"line":18,"column":231}}]},"22":{"loc":{"start":{"line":18,"column":208},"end":{"line":18,"column":222}},"type":"binary-expr","locations":[{"start":{"line":18,"column":208},"end":{"line":18,"column":222}},{"start":{"line":18,"column":208},"end":{"line":18,"column":222}}]},"23":{"loc":{"start":{"line":20,"column":8},"end":{"line":22,"column":null}},"type":"if","locations":[{"start":{"line":20,"column":8},"end":{"line":22,"column":null}}]},"24":{"loc":{"start":{"line":20,"column":12},"end":{"line":20,"column":31}},"type":"cond-expr","locations":[{"start":{"line":20,"column":24},"end":{"line":20,"column":26}},{"start":{"line":20,"column":12},"end":{"line":20,"column":31}}]},"25":{"loc":{"start":{"line":20,"column":12},"end":{"line":20,"column":26}},"type":"binary-expr","locations":[{"start":{"line":20,"column":12},"end":{"line":20,"column":26}},{"start":{"line":20,"column":12},"end":{"line":20,"column":26}}]},"26":{"loc":{"start":{"line":24,"column":8},"end":{"line":26,"column":null}},"type":"if","locations":[{"start":{"line":24,"column":8},"end":{"line":26,"column":null}}]},"27":{"loc":{"start":{"line":24,"column":12},"end":{"line":24,"column":33}},"type":"cond-expr","locations":[{"start":{"line":24,"column":24},"end":{"line":24,"column":26}},{"start":{"line":24,"column":12},"end":{"line":24,"column":33}}]},"28":{"loc":{"start":{"line":24,"column":12},"end":{"line":24,"column":26}},"type":"binary-expr","locations":[{"start":{"line":24,"column":12},"end":{"line":24,"column":26}},{"start":{"line":24,"column":12},"end":{"line":24,"column":26}}]},"29":{"loc":{"start":{"line":28,"column":8},"end":{"line":30,"column":null}},"type":"if","locations":[{"start":{"line":28,"column":8},"end":{"line":30,"column":null}}]},"30":{"loc":{"start":{"line":28,"column":12},"end":{"line":28,"column":35}},"type":"cond-expr","locations":[{"start":{"line":28,"column":24},"end":{"line":28,"column":26}},{"start":{"line":28,"column":12},"end":{"line":28,"column":35}}]},"31":{"loc":{"start":{"line":28,"column":12},"end":{"line":28,"column":26}},"type":"binary-expr","locations":[{"start":{"line":28,"column":12},"end":{"line":28,"column":26}},{"start":{"line":28,"column":12},"end":{"line":28,"column":26}}]},"32":{"loc":{"start":{"line":34,"column":8},"end":{"line":36,"column":null}},"type":"if","locations":[{"start":{"line":34,"column":8},"end":{"line":36,"column":null}}]},"33":{"loc":{"start":{"line":34,"column":12},"end":{"line":34,"column":40}},"type":"cond-expr","locations":[{"start":{"line":34,"column":24},"end":{"line":34,"column":26}},{"start":{"line":34,"column":12},"end":{"line":34,"column":40}}]},"34":{"loc":{"start":{"line":34,"column":12},"end":{"line":34,"column":26}},"type":"binary-expr","locations":[{"start":{"line":34,"column":12},"end":{"line":34,"column":26}},{"start":{"line":34,"column":12},"end":{"line":34,"column":26}}]},"35":{"loc":{"start":{"line":38,"column":86},"end":{"line":38,"column":122}},"type":"cond-expr","locations":[{"start":{"line":38,"column":105},"end":{"line":38,"column":109}},{"start":{"line":38,"column":109},"end":{"line":38,"column":122}}]},"36":{"loc":{"start":{"line":38,"column":86},"end":{"line":38,"column":109}},"type":"binary-expr","locations":[{"start":{"line":38,"column":86},"end":{"line":38,"column":109}},{"start":{"line":38,"column":105},"end":{"line":38,"column":109}}]},"37":{"loc":{"start":{"line":38,"column":86},"end":{"line":38,"column":105}},"type":"cond-expr","locations":[{"start":{"line":38,"column":98},"end":{"line":38,"column":100}},{"start":{"line":38,"column":86},"end":{"line":38,"column":105}}]},"38":{"loc":{"start":{"line":38,"column":86},"end":{"line":38,"column":100}},"type":"binary-expr","locations":[{"start":{"line":38,"column":86},"end":{"line":38,"column":100}},{"start":{"line":38,"column":86},"end":{"line":38,"column":100}}]},"39":{"loc":{"start":{"line":38,"column":135},"end":{"line":38,"column":160}},"type":"cond-expr","locations":[{"start":{"line":38,"column":147},"end":{"line":38,"column":149}},{"start":{"line":38,"column":135},"end":{"line":38,"column":160}}]},"40":{"loc":{"start":{"line":38,"column":135},"end":{"line":38,"column":149}},"type":"binary-expr","locations":[{"start":{"line":38,"column":135},"end":{"line":38,"column":149}},{"start":{"line":38,"column":135},"end":{"line":38,"column":149}}]},"41":{"loc":{"start":{"line":38,"column":162},"end":{"line":38,"column":183}},"type":"cond-expr","locations":[{"start":{"line":38,"column":174},"end":{"line":38,"column":176}},{"start":{"line":38,"column":162},"end":{"line":38,"column":183}}]},"42":{"loc":{"start":{"line":38,"column":162},"end":{"line":38,"column":176}},"type":"binary-expr","locations":[{"start":{"line":38,"column":162},"end":{"line":38,"column":176}},{"start":{"line":38,"column":162},"end":{"line":38,"column":176}}]},"43":{"loc":{"start":{"line":38,"column":185},"end":{"line":38,"column":208}},"type":"cond-expr","locations":[{"start":{"line":38,"column":197},"end":{"line":38,"column":199}},{"start":{"line":38,"column":185},"end":{"line":38,"column":208}}]},"44":{"loc":{"start":{"line":38,"column":185},"end":{"line":38,"column":199}},"type":"binary-expr","locations":[{"start":{"line":38,"column":185},"end":{"line":38,"column":199}},{"start":{"line":38,"column":185},"end":{"line":38,"column":199}}]},"45":{"loc":{"start":{"line":49,"column":12},"end":{"line":53,"column":null}},"type":"if","locations":[{"start":{"line":49,"column":12},"end":{"line":53,"column":null}},{"start":{"line":51,"column":19},"end":{"line":53,"column":null}}]},"46":{"loc":{"start":{"line":51,"column":19},"end":{"line":53,"column":null}},"type":"if","locations":[{"start":{"line":51,"column":19},"end":{"line":53,"column":null}}]},"47":{"loc":{"start":{"line":76,"column":8},"end":{"line":89,"column":null}},"type":"switch","locations":[{"start":{"line":77,"column":12},"end":{"line":78,"column":null}},{"start":{"line":79,"column":12},"end":{"line":80,"column":null}},{"start":{"line":81,"column":12},"end":{"line":82,"column":null}},{"start":{"line":83,"column":12},"end":{"line":84,"column":null}},{"start":{"line":85,"column":12},"end":{"line":86,"column":null}},{"start":{"line":87,"column":12},"end":{"line":88,"column":null}}]},"48":{"loc":{"start":{"line":93,"column":8},"end":{"line":109,"column":null}},"type":"if","locations":[{"start":{"line":93,"column":8},"end":{"line":109,"column":null}},{"start":{"line":107,"column":15},"end":{"line":109,"column":null}}]},"49":{"loc":{"start":{"line":96,"column":12},"end":{"line":96,"column":null}},"type":"if","locations":[{"start":{"line":96,"column":12},"end":{"line":96,"column":null}}]},"50":{"loc":{"start":{"line":99,"column":22},"end":{"line":99,"column":33}},"type":"cond-expr","locations":[{"start":{"line":99,"column":27},"end":{"line":99,"column":29}},{"start":{"line":99,"column":22},"end":{"line":99,"column":33}}]},"51":{"loc":{"start":{"line":99,"column":22},"end":{"line":99,"column":29}},"type":"binary-expr","locations":[{"start":{"line":99,"column":22},"end":{"line":99,"column":29}},{"start":{"line":99,"column":22},"end":{"line":99,"column":29}}]},"52":{"loc":{"start":{"line":100,"column":25},"end":{"line":100,"column":39}},"type":"cond-expr","locations":[{"start":{"line":100,"column":30},"end":{"line":100,"column":32}},{"start":{"line":100,"column":25},"end":{"line":100,"column":39}}]},"53":{"loc":{"start":{"line":100,"column":25},"end":{"line":100,"column":32}},"type":"binary-expr","locations":[{"start":{"line":100,"column":25},"end":{"line":100,"column":32}},{"start":{"line":100,"column":25},"end":{"line":100,"column":32}}]},"54":{"loc":{"start":{"line":101,"column":23},"end":{"line":101,"column":35}},"type":"cond-expr","locations":[{"start":{"line":101,"column":28},"end":{"line":101,"column":30}},{"start":{"line":101,"column":23},"end":{"line":101,"column":35}}]},"55":{"loc":{"start":{"line":101,"column":23},"end":{"line":101,"column":30}},"type":"binary-expr","locations":[{"start":{"line":101,"column":23},"end":{"line":101,"column":30}},{"start":{"line":101,"column":23},"end":{"line":101,"column":30}}]},"56":{"loc":{"start":{"line":102,"column":23},"end":{"line":102,"column":35}},"type":"cond-expr","locations":[{"start":{"line":102,"column":28},"end":{"line":102,"column":30}},{"start":{"line":102,"column":23},"end":{"line":102,"column":35}}]},"57":{"loc":{"start":{"line":102,"column":23},"end":{"line":102,"column":30}},"type":"binary-expr","locations":[{"start":{"line":102,"column":23},"end":{"line":102,"column":30}},{"start":{"line":102,"column":23},"end":{"line":102,"column":30}}]},"58":{"loc":{"start":{"line":103,"column":26},"end":{"line":103,"column":41}},"type":"cond-expr","locations":[{"start":{"line":103,"column":31},"end":{"line":103,"column":33}},{"start":{"line":103,"column":26},"end":{"line":103,"column":41}}]},"59":{"loc":{"start":{"line":103,"column":26},"end":{"line":103,"column":33}},"type":"binary-expr","locations":[{"start":{"line":103,"column":26},"end":{"line":103,"column":33}},{"start":{"line":103,"column":26},"end":{"line":103,"column":33}}]},"60":{"loc":{"start":{"line":104,"column":28},"end":{"line":104,"column":45}},"type":"cond-expr","locations":[{"start":{"line":104,"column":33},"end":{"line":104,"column":35}},{"start":{"line":104,"column":28},"end":{"line":104,"column":45}}]},"61":{"loc":{"start":{"line":104,"column":28},"end":{"line":104,"column":35}},"type":"binary-expr","locations":[{"start":{"line":104,"column":28},"end":{"line":104,"column":35}},{"start":{"line":104,"column":28},"end":{"line":104,"column":35}}]},"62":{"loc":{"start":{"line":105,"column":30},"end":{"line":105,"column":49}},"type":"cond-expr","locations":[{"start":{"line":105,"column":35},"end":{"line":105,"column":37}},{"start":{"line":105,"column":30},"end":{"line":105,"column":49}}]},"63":{"loc":{"start":{"line":105,"column":30},"end":{"line":105,"column":37}},"type":"binary-expr","locations":[{"start":{"line":105,"column":30},"end":{"line":105,"column":37}},{"start":{"line":105,"column":30},"end":{"line":105,"column":37}}]},"64":{"loc":{"start":{"line":107,"column":15},"end":{"line":109,"column":null}},"type":"if","locations":[{"start":{"line":107,"column":15},"end":{"line":109,"column":null}}]}},"s":{"0":1,"1":1,"2":1,"3":1,"4":1,"5":1,"6":0,"7":0,"8":0,"9":0,"10":0,"11":0,"12":0,"13":0,"14":0,"15":0,"16":0,"17":0,"18":0,"19":0,"20":0,"21":0,"22":0,"23":0,"24":0,"25":0,"26":0,"27":0,"28":0,"29":0,"30":0,"31":0,"32":0,"33":0,"34":0,"35":0,"36":0,"37":0,"38":0,"39":0,"40":0,"41":0,"42":0,"43":0,"44":0,"45":2,"46":0,"47":0,"48":0,"49":0,"50":2,"51":0,"52":2,"53":1},"f":{"0":0,"1":0,"2":0,"3":0,"4":0,"5":0,"6":0,"7":0,"8":2},"b":{"0":[0,0],"1":[0,0],"2":[0,0],"3":[0,0],"4":[0],"5":[0,0],"6":[0,0],"7":[0,0],"8":[0,0],"9":[0,0],"10":[0,0],"11":[0,0],"12":[0,0],"13":[0,0],"14":[0,0],"15":[0,0],"16":[0,0],"17":[0,0],"18":[0,0],"19":[0,0],"20":[0,0],"21":[0,0],"22":[0,0],"23":[0],"24":[0,0],"25":[0,0],"26":[0],"27":[0,0],"28":[0,0],"29":[0],"30":[0,0],"31":[0,0],"32":[0],"33":[0,0],"34":[0,0],"35":[0,0],"36":[0,0],"37":[0,0],"38":[0,0],"39":[0,0],"40":[0,0],"41":[0,0],"42":[0,0],"43":[0,0],"44":[0,0],"45":[0,0],"46":[0],"47":[0,0,0,0,0,0],"48":[0,2],"49":[0],"50":[0,0],"51":[0,0],"52":[0,0],"53":[0,0],"54":[0,0],"55":[0,0],"56":[0,0],"57":[0,0],"58":[0,0],"59":[0,0],"60":[0,0],"61":[0,0],"62":[0,0],"63":[0,0],"64":[0]}}
,"/Users/frodi/Documents/github-projects/log-with-color/src/enums/BackgroundColor.ts": {"path":"/Users/frodi/Documents/github-projects/log-with-color/src/enums/BackgroundColor.ts","statementMap":{"0":{"start":{"line":1,"column":0},"end":{"line":1,"column":null}},"1":{"start":{"line":2,"column":4},"end":{"line":2,"column":null}},"2":{"start":{"line":3,"column":4},"end":{"line":3,"column":null}},"3":{"start":{"line":4,"column":4},"end":{"line":4,"column":null}},"4":{"start":{"line":5,"column":4},"end":{"line":5,"column":null}},"5":{"start":{"line":6,"column":4},"end":{"line":6,"column":null}},"6":{"start":{"line":7,"column":4},"end":{"line":7,"column":null}},"7":{"start":{"line":8,"column":4},"end":{"line":8,"column":null}},"8":{"start":{"line":9,"column":4},"end":{"line":9,"column":null}},"9":{"start":{"line":10,"column":4},"end":{"line":10,"column":null}}},"fnMap":{"0":{"name":"(anonymous_0)","decl":{"start":{"line":1,"column":0},"end":{"line":1,"column":12}},"loc":{"start":{"line":1,"column":27},"end":{"line":11,"column":1}}}},"branchMap":{"0":{"loc":{"start":{"line":1,"column":12},"end":{"line":1,"column":null}},"type":"binary-expr","locations":[{"start":{"line":1,"column":12},"end":{"line":1,"column":27}},{"start":{"line":1,"column":12},"end":{"line":1,"column":null}}]}},"s":{"0":1,"1":1,"2":1,"3":1,"4":1,"5":1,"6":1,"7":1,"8":1,"9":1},"f":{"0":1},"b":{"0":[1,1]}}
,"/Users/frodi/Documents/github-projects/log-with-color/src/enums/ForegroundColor.ts": {"path":"/Users/frodi/Documents/github-projects/log-with-color/src/enums/ForegroundColor.ts","statementMap":{"0":{"start":{"line":1,"column":0},"end":{"line":1,"column":null}},"1":{"start":{"line":2,"column":4},"end":{"line":2,"column":null}},"2":{"start":{"line":3,"column":4},"end":{"line":3,"column":null}},"3":{"start":{"line":4,"column":4},"end":{"line":4,"column":null}},"4":{"start":{"line":5,"column":4},"end":{"line":5,"column":null}},"5":{"start":{"line":6,"column":4},"end":{"line":6,"column":null}},"6":{"start":{"line":7,"column":4},"end":{"line":7,"column":null}},"7":{"start":{"line":8,"column":4},"end":{"line":8,"column":null}},"8":{"start":{"line":9,"column":4},"end":{"line":9,"column":null}},"9":{"start":{"line":10,"column":4},"end":{"line":10,"column":null}}},"fnMap":{"0":{"name":"(anonymous_0)","decl":{"start":{"line":1,"column":0},"end":{"line":1,"column":12}},"loc":{"start":{"line":1,"column":27},"end":{"line":11,"column":1}}}},"branchMap":{"0":{"loc":{"start":{"line":1,"column":12},"end":{"line":1,"column":null}},"type":"binary-expr","locations":[{"start":{"line":1,"column":12},"end":{"line":1,"column":27}},{"start":{"line":1,"column":12},"end":{"line":1,"column":null}}]}},"s":{"0":1,"1":1,"2":1,"3":1,"4":1,"5":1,"6":1,"7":1,"8":1,"9":1},"f":{"0":1},"b":{"0":[1,1]}}
,"/Users/frodi/Documents/github-projects/log-with-color/src/enums/Level.ts": {"path":"/Users/frodi/Documents/github-projects/log-with-color/src/enums/Level.ts","statementMap":{"0":{"start":{"line":1,"column":0},"end":{"line":1,"column":null}},"1":{"start":{"line":2,"column":4},"end":{"line":2,"column":null}},"2":{"start":{"line":3,"column":4},"end":{"line":3,"column":null}},"3":{"start":{"line":4,"column":4},"end":{"line":4,"column":null}},"4":{"start":{"line":5,"column":4},"end":{"line":5,"column":null}},"5":{"start":{"line":6,"column":4},"end":{"line":6,"column":null}},"6":{"start":{"line":7,"column":4},"end":{"line":7,"column":null}}},"fnMap":{"0":{"name":"(anonymous_0)","decl":{"start":{"line":1,"column":0},"end":{"line":1,"column":12}},"loc":{"start":{"line":1,"column":17},"end":{"line":8,"column":1}}}},"branchMap":{"0":{"loc":{"start":{"line":1,"column":12},"end":{"line":1,"column":null}},"type":"binary-expr","locations":[{"start":{"line":1,"column":12},"end":{"line":1,"column":17}},{"start":{"line":1,"column":12},"end":{"line":1,"column":null}}]}},"s":{"0":1,"1":1,"2":1,"3":1,"4":1,"5":1,"6":1},"f":{"0":1},"b":{"0":[1,1]}}
,"/Users/frodi/Documents/github-projects/log-with-color/src/enums/Style.ts": {"path":"/Users/frodi/Documents/github-projects/log-with-color/src/enums/Style.ts","statementMap":{"0":{"start":{"line":1,"column":0},"end":{"line":1,"column":null}},"1":{"start":{"line":2,"column":4},"end":{"line":2,"column":null}},"2":{"start":{"line":3,"column":4},"end":{"line":3,"column":null}},"3":{"start":{"line":4,"column":4},"end":{"line":4,"column":null}},"4":{"start":{"line":5,"column":4},"end":{"line":5,"column":null}},"5":{"start":{"line":6,"column":4},"end":{"line":6,"column":null}},"6":{"start":{"line":7,"column":4},"end":{"line":7,"column":null}},"7":{"start":{"line":8,"column":4},"end":{"line":8,"column":null}},"8":{"start":{"line":9,"column":4},"end":{"line":9,"column":null}}},"fnMap":{"0":{"name":"(anonymous_0)","decl":{"start":{"line":1,"column":0},"end":{"line":1,"column":12}},"loc":{"start":{"line":1,"column":17},"end":{"line":10,"column":1}}}},"branchMap":{"0":{"loc":{"start":{"line":1,"column":12},"end":{"line":1,"column":null}},"type":"binary-expr","locations":[{"start":{"line":1,"column":12},"end":{"line":1,"column":17}},{"start":{"line":1,"column":12},"end":{"line":1,"column":null}}]}},"s":{"0":1,"1":1,"2":1,"3":1,"4":1,"5":1,"6":1,"7":1,"8":1},"f":{"0":1},"b":{"0":[1,1]}}
,"/Users/frodi/Documents/github-projects/log-with-color/src/string/string.extensions.ts": {"path":"/Users/frodi/Documents/github-projects/log-with-color/src/string/string.extensions.ts","statementMap":{"0":{"start":{"line":28,"column":0},"end":{"line":30,"column":null}},"1":{"start":{"line":29,"column":4},"end":{"line":29,"column":null}},"2":{"start":{"line":32,"column":0},"end":{"line":34,"column":null}},"3":{"start":{"line":33,"column":4},"end":{"line":33,"column":null}},"4":{"start":{"line":36,"column":0},"end":{"line":38,"column":null}},"5":{"start":{"line":37,"column":4},"end":{"line":37,"column":null}},"6":{"start":{"line":40,"column":0},"end":{"line":42,"column":null}},"7":{"start":{"line":41,"column":4},"end":{"line":41,"column":null}},"8":{"start":{"line":44,"column":0},"end":{"line":46,"column":null}},"9":{"start":{"line":45,"column":4},"end":{"line":45,"column":null}},"10":{"start":{"line":48,"column":0},"end":{"line":50,"column":null}},"11":{"start":{"line":49,"column":4},"end":{"line":49,"column":null}},"12":{"start":{"line":52,"column":0},"end":{"line":54,"column":null}},"13":{"start":{"line":53,"column":4},"end":{"line":53,"column":null}},"14":{"start":{"line":56,"column":0},"end":{"line":58,"column":null}},"15":{"start":{"line":57,"column":4},"end":{"line":57,"column":null}},"16":{"start":{"line":60,"column":0},"end":{"line":62,"column":null}},"17":{"start":{"line":61,"column":4},"end":{"line":61,"column":null}},"18":{"start":{"line":64,"column":0},"end":{"line":66,"column":null}},"19":{"start":{"line":65,"column":4},"end":{"line":65,"column":null}},"20":{"start":{"line":68,"column":0},"end":{"line":70,"column":null}},"21":{"start":{"line":69,"column":4},"end":{"line":69,"column":null}},"22":{"start":{"line":72,"column":0},"end":{"line":74,"column":null}},"23":{"start":{"line":73,"column":4},"end":{"line":73,"column":null}},"24":{"start":{"line":76,"column":0},"end":{"line":78,"column":null}},"25":{"start":{"line":77,"column":4},"end":{"line":77,"column":null}},"26":{"start":{"line":80,"column":0},"end":{"line":82,"column":null}},"27":{"start":{"line":81,"column":4},"end":{"line":81,"column":null}},"28":{"start":{"line":84,"column":0},"end":{"line":86,"column":null}},"29":{"start":{"line":85,"column":4},"end":{"line":85,"column":null}},"30":{"start":{"line":88,"column":0},"end":{"line":90,"column":null}},"31":{"start":{"line":89,"column":4},"end":{"line":89,"column":null}},"32":{"start":{"line":92,"column":0},"end":{"line":94,"column":null}},"33":{"start":{"line":93,"column":4},"end":{"line":93,"column":null}},"34":{"start":{"line":96,"column":0},"end":{"line":98,"column":null}},"35":{"start":{"line":97,"column":4},"end":{"line":97,"column":null}},"36":{"start":{"line":100,"column":0},"end":{"line":102,"column":null}},"37":{"start":{"line":101,"column":4},"end":{"line":101,"column":null}},"38":{"start":{"line":104,"column":0},"end":{"line":106,"column":null}},"39":{"start":{"line":105,"column":4},"end":{"line":105,"column":null}},"40":{"start":{"line":108,"column":0},"end":{"line":110,"column":null}},"41":{"start":{"line":109,"column":4},"end":{"line":109,"column":null}},"42":{"start":{"line":112,"column":0},"end":{"line":114,"column":null}},"43":{"start":{"line":113,"column":4},"end":{"line":113,"column":null}},"44":{"start":{"line":116,"column":0},"end":{"line":118,"column":null}},"45":{"start":{"line":117,"column":4},"end":{"line":117,"column":null}}},"fnMap":{"0":{"name":"(anonymous_0)","decl":{"start":{"line":28,"column":25},"end":{"line":28,"column":null}},"loc":{"start":{"line":28,"column":25},"end":{"line":30,"column":1}}},"1":{"name":"(anonymous_1)","decl":{"start":{"line":32,"column":27},"end":{"line":32,"column":null}},"loc":{"start":{"line":32,"column":27},"end":{"line":34,"column":1}}},"2":{"name":"(anonymous_2)","decl":{"start":{"line":36,"column":23},"end":{"line":36,"column":null}},"loc":{"start":{"line":36,"column":23},"end":{"line":38,"column":1}}},"3":{"name":"(anonymous_3)","decl":{"start":{"line":40,"column":25},"end":{"line":40,"column":null}},"loc":{"start":{"line":40,"column":25},"end":{"line":42,"column":1}}},"4":{"name":"(anonymous_4)","decl":{"start":{"line":44,"column":25},"end":{"line":44,"column":null}},"loc":{"start":{"line":44,"column":25},"end":{"line":46,"column":1}}},"5":{"name":"(anonymous_5)","decl":{"start":{"line":48,"column":27},"end":{"line":48,"column":null}},"loc":{"start":{"line":48,"column":27},"end":{"line":50,"column":1}}},"6":{"name":"(anonymous_6)","decl":{"start":{"line":52,"column":26},"end":{"line":52,"column":null}},"loc":{"start":{"line":52,"column":26},"end":{"line":54,"column":1}}},"7":{"name":"(anonymous_7)","decl":{"start":{"line":56,"column":28},"end":{"line":56,"column":null}},"loc":{"start":{"line":56,"column":28},"end":{"line":58,"column":1}}},"8":{"name":"(anonymous_8)","decl":{"start":{"line":60,"column":24},"end":{"line":60,"column":null}},"loc":{"start":{"line":60,"column":24},"end":{"line":62,"column":1}}},"9":{"name":"(anonymous_9)","decl":{"start":{"line":64,"column":26},"end":{"line":64,"column":null}},"loc":{"start":{"line":64,"column":26},"end":{"line":66,"column":1}}},"10":{"name":"(anonymous_10)","decl":{"start":{"line":68,"column":27},"end":{"line":68,"column":null}},"loc":{"start":{"line":68,"column":27},"end":{"line":70,"column":1}}},"11":{"name":"(anonymous_11)","decl":{"start":{"line":72,"column":29},"end":{"line":72,"column":null}},"loc":{"start":{"line":72,"column":29},"end":{"line":74,"column":1}}},"12":{"name":"(anonymous_12)","decl":{"start":{"line":76,"column":24},"end":{"line":76,"column":null}},"loc":{"start":{"line":76,"column":24},"end":{"line":78,"column":1}}},"13":{"name":"(anonymous_13)","decl":{"start":{"line":80,"column":26},"end":{"line":80,"column":null}},"loc":{"start":{"line":80,"column":26},"end":{"line":82,"column":1}}},"14":{"name":"(anonymous_14)","decl":{"start":{"line":84,"column":25},"end":{"line":84,"column":null}},"loc":{"start":{"line":84,"column":25},"end":{"line":86,"column":1}}},"15":{"name":"(anonymous_15)","decl":{"start":{"line":88,"column":27},"end":{"line":88,"column":null}},"loc":{"start":{"line":88,"column":27},"end":{"line":90,"column":1}}},"16":{"name":"(anonymous_16)","decl":{"start":{"line":92,"column":25},"end":{"line":92,"column":null}},"loc":{"start":{"line":92,"column":25},"end":{"line":94,"column":1}}},"17":{"name":"(anonymous_17)","decl":{"start":{"line":96,"column":26},"end":{"line":96,"column":null}},"loc":{"start":{"line":96,"column":26},"end":{"line":98,"column":1}}},"18":{"name":"(anonymous_18)","decl":{"start":{"line":100,"column":23},"end":{"line":100,"column":null}},"loc":{"start":{"line":100,"column":23},"end":{"line":102,"column":1}}},"19":{"name":"(anonymous_19)","decl":{"start":{"line":104,"column":30},"end":{"line":104,"column":null}},"loc":{"start":{"line":104,"column":30},"end":{"line":106,"column":1}}},"20":{"name":"(anonymous_20)","decl":{"start":{"line":108,"column":25},"end":{"line":108,"column":null}},"loc":{"start":{"line":108,"column":25},"end":{"line":110,"column":1}}},"21":{"name":"(anonymous_21)","decl":{"start":{"line":112,"column":27},"end":{"line":112,"column":null}},"loc":{"start":{"line":112,"column":27},"end":{"line":114,"column":1}}},"22":{"name":"(anonymous_22)","decl":{"start":{"line":116,"column":26},"end":{"line":116,"column":null}},"loc":{"start":{"line":116,"column":26},"end":{"line":118,"column":1}}}},"branchMap":{},"s":{"0":1,"1":0,"2":1,"3":0,"4":1,"5":0,"6":1,"7":0,"8":1,"9":0,"10":1,"11":0,"12":1,"13":0,"14":1,"15":0,"16":1,"17":0,"18":1,"19":0,"20":1,"21":0,"22":1,"23":0,"24":1,"25":0,"26":1,"27":0,"28":1,"29":0,"30":1,"31":0,"32":1,"33":0,"34":1,"35":0,"36":1,"37":0,"38":1,"39":0,"40":1,"41":0,"42":1,"43":0,"44":1,"45":0},"f":{"0":0,"1":0,"2":0,"3":0,"4":0,"5":0,"6":0,"7":0,"8":0,"9":0,"10":0,"11":0,"12":0,"13":0,"14":0,"15":0,"16":0,"17":0,"18":0,"19":0,"20":0,"21":0,"22":0},"b":{}}
}
