TN:
SF:src/classes/LogData.ts
FN:13,(anonymous_0)
FN:28,(anonymous_1)
FN:32,(anonymous_2)
FN:36,(anonymous_3)
FN:40,(anonymous_4)
FN:44,(anonymous_5)
FN:48,(anonymous_6)
FN:52,(anonymous_7)
FN:56,(anonymous_8)
FN:57,(anonymous_9)
FN:62,(anonymous_10)
FN:63,(anonymous_11)
FN:74,(anonymous_12)
FN:82,(anonymous_13)
FN:93,(anonymous_14)
FNF:15
FNH:15
FNDA:3,(anonymous_0)
FNDA:2,(anonymous_1)
FNDA:1,(anonymous_2)
FNDA:2,(anonymous_3)
FNDA:1,(anonymous_4)
FNDA:2,(anonymous_5)
FNDA:2,(anonymous_6)
FNDA:5,(anonymous_7)
FNDA:4,(anonymous_8)
FNDA:6,(anonymous_9)
FNDA:4,(anonymous_10)
FNDA:8,(anonymous_11)
FNDA:3,(anonymous_12)
FNDA:2,(anonymous_13)
FNDA:2,(anonymous_14)
DA:3,1
DA:5,1
DA:14,3
DA:15,3
DA:16,3
DA:17,3
DA:19,3
DA:20,3
DA:23,3
DA:24,3
DA:25,3
DA:29,2
DA:33,1
DA:37,2
DA:41,1
DA:45,2
DA:49,2
DA:53,5
DA:57,4
DA:58,6
DA:63,4
DA:64,8
DA:65,4
DA:66,4
DA:67,4
DA:70,0
DA:75,3
DA:76,2
DA:79,1
DA:83,2
DA:94,2
LF:31
LH:30
BRDA:16,0,0,1
BRDA:16,0,1,2
BRDA:16,1,0,3
BRDA:16,1,1,3
BRDA:17,2,0,1
BRDA:17,2,1,2
BRDA:17,3,0,3
BRDA:17,3,1,3
BRDA:19,4,0,3
BRDA:25,5,0,2
BRDA:25,5,1,1
BRDA:25,6,0,3
BRDA:25,6,1,3
BRDA:64,7,0,4
BRDA:64,7,1,4
BRDA:66,8,0,4
BRDA:66,9,0,4
BRDA:66,9,1,2
BRDA:75,10,0,2
BRF:19
BRH:19
end_of_record
TN:
SF:src/classes/Logger.ts
FN:12,(anonymous_0)
FN:41,(anonymous_1)
FN:42,(anonymous_2)
FN:47,(anonymous_3)
FN:48,(anonymous_4)
FN:58,(anonymous_5)
FN:62,(anonymous_6)
FN:75,(anonymous_7)
FN:92,(anonymous_8)
FNF:9
FNH:1
FNDA:0,(anonymous_0)
FNDA:0,(anonymous_1)
FNDA:0,(anonymous_2)
FNDA:0,(anonymous_3)
FNDA:0,(anonymous_4)
FNDA:0,(anonymous_5)
FNDA:0,(anonymous_6)
FNDA:0,(anonymous_7)
FNDA:2,(anonymous_8)
DA:1,1
DA:2,1
DA:3,1
DA:4,1
DA:5,1
DA:6,1
DA:11,1
DA:13,0
DA:14,0
DA:16,0
DA:18,0
DA:20,0
DA:21,0
DA:24,0
DA:25,0
DA:28,0
DA:29,0
DA:32,0
DA:34,0
DA:35,0
DA:38,0
DA:42,0
DA:43,0
DA:48,0
DA:49,0
DA:50,0
DA:51,0
DA:52,0
DA:55,0
DA:59,0
DA:63,0
DA:64,0
DA:66,0
DA:67,0
DA:68,0
DA:69,0
DA:72,0
DA:76,0
DA:78,0
DA:80,0
DA:82,0
DA:84,0
DA:86,0
DA:88,0
DA:93,2
DA:94,0
DA:96,0
DA:98,0
DA:107,2
DA:108,0
DA:111,2
LF:51
LH:10
BRDA:13,0,0,0
BRDA:13,0,1,0
BRDA:13,1,0,0
BRDA:13,1,1,0
BRDA:13,2,0,0
BRDA:13,2,1,0
BRDA:13,3,0,0
BRDA:13,3,1,0
BRDA:16,4,0,0
BRDA:16,5,0,0
BRDA:16,5,1,0
BRDA:16,6,0,0
BRDA:16,6,1,0
BRDA:18,7,0,0
BRDA:18,7,1,0
BRDA:18,8,0,0
BRDA:18,8,1,0
BRDA:18,9,0,0
BRDA:18,9,1,0
BRDA:18,10,0,0
BRDA:18,10,1,0
BRDA:18,11,0,0
BRDA:18,11,1,0
BRDA:18,12,0,0
BRDA:18,12,1,0
BRDA:18,13,0,0
BRDA:18,13,1,0
BRDA:18,14,0,0
BRDA:18,14,1,0
BRDA:18,15,0,0
BRDA:18,15,1,0
BRDA:18,16,0,0
BRDA:18,16,1,0
BRDA:18,17,0,0
BRDA:18,17,1,0
BRDA:18,18,0,0
BRDA:18,18,1,0
BRDA:18,19,0,0
BRDA:18,19,1,0
BRDA:18,20,0,0
BRDA:18,20,1,0
BRDA:18,21,0,0
BRDA:18,21,1,0
BRDA:18,22,0,0
BRDA:18,22,1,0
BRDA:20,23,0,0
BRDA:20,24,0,0
BRDA:20,24,1,0
BRDA:20,25,0,0
BRDA:20,25,1,0
BRDA:24,26,0,0
BRDA:24,27,0,0
BRDA:24,27,1,0
BRDA:24,28,0,0
BRDA:24,28,1,0
BRDA:28,29,0,0
BRDA:28,30,0,0
BRDA:28,30,1,0
BRDA:28,31,0,0
BRDA:28,31,1,0
BRDA:34,32,0,0
BRDA:34,33,0,0
BRDA:34,33,1,0
BRDA:34,34,0,0
BRDA:34,34,1,0
BRDA:38,35,0,0
BRDA:38,35,1,0
BRDA:38,36,0,0
BRDA:38,36,1,0
BRDA:38,37,0,0
BRDA:38,37,1,0
BRDA:38,38,0,0
BRDA:38,38,1,0
BRDA:38,39,0,0
BRDA:38,39,1,0
BRDA:38,40,0,0
BRDA:38,40,1,0
BRDA:38,41,0,0
BRDA:38,41,1,0
BRDA:38,42,0,0
BRDA:38,42,1,0
BRDA:38,43,0,0
BRDA:38,43,1,0
BRDA:38,44,0,0
BRDA:38,44,1,0
BRDA:49,45,0,0
BRDA:49,45,1,0
BRDA:51,46,0,0
BRDA:76,47,0,0
BRDA:76,47,1,0
BRDA:76,47,2,0
BRDA:76,47,3,0
BRDA:76,47,4,0
BRDA:76,47,5,0
BRDA:93,48,0,0
BRDA:93,48,1,2
BRDA:96,49,0,0
BRDA:99,50,0,0
BRDA:99,50,1,0
BRDA:99,51,0,0
BRDA:99,51,1,0
BRDA:100,52,0,0
BRDA:100,52,1,0
BRDA:100,53,0,0
BRDA:100,53,1,0
BRDA:101,54,0,0
BRDA:101,54,1,0
BRDA:101,55,0,0
BRDA:101,55,1,0
BRDA:102,56,0,0
BRDA:102,56,1,0
BRDA:102,57,0,0
BRDA:102,57,1,0
BRDA:103,58,0,0
BRDA:103,58,1,0
BRDA:103,59,0,0
BRDA:103,59,1,0
BRDA:104,60,0,0
BRDA:104,60,1,0
BRDA:104,61,0,0
BRDA:104,61,1,0
BRDA:105,62,0,0
BRDA:105,62,1,0
BRDA:105,63,0,0
BRDA:105,63,1,0
BRDA:107,64,0,0
BRF:126
BRH:1
end_of_record
TN:
SF:src/enums/BackgroundColor.ts
FN:1,(anonymous_0)
FNF:1
FNH:1
FNDA:1,(anonymous_0)
DA:1,1
DA:2,1
DA:3,1
DA:4,1
DA:5,1
DA:6,1
DA:7,1
DA:8,1
DA:9,1
DA:10,1
LF:10
LH:10
BRDA:1,0,0,1
BRDA:1,0,1,1
BRF:2
BRH:2
end_of_record
TN:
SF:src/enums/ForegroundColor.ts
FN:1,(anonymous_0)
FNF:1
FNH:1
FNDA:1,(anonymous_0)
DA:1,1
DA:2,1
DA:3,1
DA:4,1
DA:5,1
DA:6,1
DA:7,1
DA:8,1
DA:9,1
DA:10,1
LF:10
LH:10
BRDA:1,0,0,1
BRDA:1,0,1,1
BRF:2
BRH:2
end_of_record
TN:
SF:src/enums/Level.ts
FN:1,(anonymous_0)
FNF:1
FNH:1
FNDA:1,(anonymous_0)
DA:1,1
DA:2,1
DA:3,1
DA:4,1
DA:5,1
DA:6,1
DA:7,1
LF:7
LH:7
BRDA:1,0,0,1
BRDA:1,0,1,1
BRF:2
BRH:2
end_of_record
TN:
SF:src/enums/Style.ts
FN:1,(anonymous_0)
FNF:1
FNH:1
FNDA:1,(anonymous_0)
DA:1,1
DA:2,1
DA:3,1
DA:4,1
DA:5,1
DA:6,1
DA:7,1
DA:8,1
DA:9,1
LF:9
LH:9
BRDA:1,0,0,1
BRDA:1,0,1,1
BRF:2
BRH:2
end_of_record
TN:
SF:src/string/string.extensions.ts
FN:28,(anonymous_0)
FN:32,(anonymous_1)
FN:36,(anonymous_2)
FN:40,(anonymous_3)
FN:44,(anonymous_4)
FN:48,(anonymous_5)
FN:52,(anonymous_6)
FN:56,(anonymous_7)
FN:60,(anonymous_8)
FN:64,(anonymous_9)
FN:68,(anonymous_10)
FN:72,(anonymous_11)
FN:76,(anonymous_12)
FN:80,(anonymous_13)
FN:84,(anonymous_14)
FN:88,(anonymous_15)
FN:92,(anonymous_16)
FN:96,(anonymous_17)
FN:100,(anonymous_18)
FN:104,(anonymous_19)
FN:108,(anonymous_20)
FN:112,(anonymous_21)
FN:116,(anonymous_22)
FNF:23
FNH:0
FNDA:0,(anonymous_0)
FNDA:0,(anonymous_1)
FNDA:0,(anonymous_2)
FNDA:0,(anonymous_3)
FNDA:0,(anonymous_4)
FNDA:0,(anonymous_5)
FNDA:0,(anonymous_6)
FNDA:0,(anonymous_7)
FNDA:0,(anonymous_8)
FNDA:0,(anonymous_9)
FNDA:0,(anonymous_10)
FNDA:0,(anonymous_11)
FNDA:0,(anonymous_12)
FNDA:0,(anonymous_13)
FNDA:0,(anonymous_14)
FNDA:0,(anonymous_15)
FNDA:0,(anonymous_16)
FNDA:0,(anonymous_17)
FNDA:0,(anonymous_18)
FNDA:0,(anonymous_19)
FNDA:0,(anonymous_20)
FNDA:0,(anonymous_21)
FNDA:0,(anonymous_22)
DA:28,1
DA:29,0
DA:32,1
DA:33,0
DA:36,1
DA:37,0
DA:40,1
DA:41,0
DA:44,1
DA:45,0
DA:48,1
DA:49,0
DA:52,1
DA:53,0
DA:56,1
DA:57,0
DA:60,1
DA:61,0
DA:64,1
DA:65,0
DA:68,1
DA:69,0
DA:72,1
DA:73,0
DA:76,1
DA:77,0
DA:80,1
DA:81,0
DA:84,1
DA:85,0
DA:88,1
DA:89,0
DA:92,1
DA:93,0
DA:96,1
DA:97,0
DA:100,1
DA:101,0
DA:104,1
DA:105,0
DA:108,1
DA:109,0
DA:112,1
DA:113,0
DA:116,1
DA:117,0
LF:46
LH:23
BRF:0
BRH:0
end_of_record
